[14:12:12] [main/INFO]: Setting user: ForgeDevName
[14:12:22] [Client thread/INFO]: LWJGL Version: 2.9.1
[14:13:14] [Client thread/INFO]: Reloading ResourceManager: Default, FMLFileResourcePack:Forge Mod Loader, FMLFileResourcePack:Minecraft Forge, FMLFileResourcePack:Mites
[14:13:18] [Sound Library Loader/INFO]: Sound engine started
[14:13:20] [Client thread/INFO]: Created: 512x256 textures/blocks-atlas
[14:13:20] [Client thread/INFO]: Created: 256x256 textures/items-atlas
[14:13:21] [Client thread/INFO]: Reloading ResourceManager: Default, FMLFileResourcePack:Forge Mod Loader, FMLFileResourcePack:Minecraft Forge, FMLFileResourcePack:Mites
[14:13:21] [Client thread/INFO]: Created: 256x256 textures/items-atlas
[14:13:21] [Client thread/INFO]: Created: 512x256 textures/blocks-atlas
[14:13:22] [Sound Library Loader/INFO]: Sound engine started
[14:13:28] [Server thread/INFO]: Starting integrated minecraft server version 1.7.10
[14:13:28] [Server thread/INFO]: Generating keypair
[14:13:29] [Server thread/INFO]: Preparing start region for level 0
[14:13:30] [Server thread/INFO]: Preparing spawn area: 17%
[14:13:31] [Server thread/INFO]: Preparing spawn area: 41%
[14:13:32] [Server thread/INFO]: Preparing spawn area: 57%
[14:13:33] [Server thread/INFO]: Changing view distance to 12, from 10
[14:13:33] [Server thread/INFO]: ForgeDevName[local:E:95c3407a] logged in with entity id 152 at (1325.9742031513024, 4.0, -374.6405496216053)
[14:13:33] [Server thread/INFO]: ForgeDevName joined the game
[14:14:06] [Server thread/INFO]: Saving and pausing game...
[14:14:07] [Server thread/INFO]: Saving chunks for level 'New World'/Overworld
[14:14:07] [Server thread/INFO]: Saving chunks for level 'New World'/Nether
[14:14:08] [Server thread/INFO]: Saving chunks for level 'New World'/The End
[14:14:43] [Server thread/INFO]: Saving and pausing game...
[14:14:43] [Server thread/INFO]: Saving chunks for level 'New World'/Overworld
[14:14:43] [Server thread/INFO]: Saving chunks for level 'New World'/Nether
[14:14:43] [Server thread/INFO]: Saving chunks for level 'New World'/The End
[14:17:37] [Server thread/INFO]: Saving and pausing game...
[14:17:37] [Server thread/INFO]: Saving chunks for level 'New World'/Overworld
[14:17:37] [Server thread/INFO]: Saving chunks for level 'New World'/Nether
[14:17:37] [Server thread/INFO]: Saving chunks for level 'New World'/The End
[14:17:38] [Server thread/INFO]: Stopping server
[14:17:38] [Server thread/INFO]: Saving players
[14:17:38] [Server thread/INFO]: Saving worlds
[14:17:38] [Server thread/INFO]: Saving chunks for level 'New World'/Overworld
[14:17:38] [Server thread/INFO]: Saving chunks for level 'New World'/Nether
[14:17:38] [Server thread/INFO]: Saving chunks for level 'New World'/The End
[14:17:58] [Client thread/INFO]: Stopping!
