[11:33:59] [main/INFO]: Setting user: ForgeDevName
[11:34:00] [Client thread/INFO]: LWJGL Version: 2.9.1
[11:34:15] [Client thread/INFO]: Reloading ResourceManager: Default, FMLFileResourcePack:Forge Mod Loader, FMLFileResourcePack:Minecraft Forge, FMLFileResourcePack:Mites
[11:34:16] [Sound Library Loader/INFO]: Sound engine started
[11:34:17] [Client thread/INFO]: Created: 512x256 textures/blocks-atlas
[11:34:17] [Client thread/INFO]: Created: 256x256 textures/items-atlas
[11:34:17] [Client thread/INFO]: Reloading ResourceManager: Default, FMLFileResourcePack:Forge Mod Loader, FMLFileResourcePack:Minecraft Forge, FMLFileResourcePack:Mites
[11:34:17] [Client thread/INFO]: Created: 256x256 textures/items-atlas
[11:34:17] [Client thread/INFO]: Created: 512x256 textures/blocks-atlas
[11:34:18] [Sound Library Loader/INFO]: Sound engine started
[11:34:37] [Server thread/INFO]: Starting integrated minecraft server version 1.7.10
[11:34:37] [Server thread/INFO]: Generating keypair
[11:34:38] [Server thread/INFO]: Preparing start region for level 0
[11:34:39] [Server thread/INFO]: Preparing spawn area: 67%
[11:34:39] [Server thread/INFO]: Changing view distance to 12, from 10
[11:34:39] [Server thread/INFO]: ForgeDevName[local:E:bf524a60] logged in with entity id 213 at (254.30000001192093, 12.0, -146.6170790367222)
[11:34:39] [Server thread/INFO]: ForgeDevName joined the game
[11:35:13] [Server thread/INFO]: [ForgeDevName: Set the time to 1000]
[11:35:13] [Client thread/INFO]: [CHAT] Set the time to 1000
[11:36:44] [Server thread/ERROR]: Encountered an unexpected exception
net.minecraft.util.ReportedException: Ticking memory connection
	at net.minecraft.network.NetworkSystem.networkTick(NetworkSystem.java:198) ~[NetworkSystem.class:?]
	at net.minecraft.server.MinecraftServer.updateTimeLightAndEntities(MinecraftServer.java:736) ~[MinecraftServer.class:?]
	at net.minecraft.server.MinecraftServer.tick(MinecraftServer.java:624) ~[MinecraftServer.class:?]
	at net.minecraft.server.integrated.IntegratedServer.tick(IntegratedServer.java:118) ~[IntegratedServer.class:?]
	at net.minecraft.server.MinecraftServer.run(MinecraftServer.java:495) [MinecraftServer.class:?]
	at net.minecraft.server.MinecraftServer$2.run(MinecraftServer.java:762) [MinecraftServer$2.class:?]
Caused by: java.lang.NullPointerException
	at net.minecraft.item.ItemStack.getUnlocalizedName(ItemStack.java:451) ~[ItemStack.class:?]
	at com.richunderscore27.mites.item.ItemWorldMite.onItemUse(ItemWorldMite.java:42) ~[ItemWorldMite.class:?]
	at net.minecraft.item.ItemStack.tryPlaceItemIntoWorld(ItemStack.java:145) ~[ItemStack.class:?]
	at net.minecraft.server.management.ItemInWorldManager.activateBlockOrUseItem(ItemInWorldManager.java:422) ~[ItemInWorldManager.class:?]
	at net.minecraft.network.NetHandlerPlayServer.processPlayerBlockPlacement(NetHandlerPlayServer.java:591) ~[NetHandlerPlayServer.class:?]
	at net.minecraft.network.play.client.C08PacketPlayerBlockPlacement.processPacket(C08PacketPlayerBlockPlacement.java:74) ~[C08PacketPlayerBlockPlacement.class:?]
	at net.minecraft.network.play.client.C08PacketPlayerBlockPlacement.processPacket(C08PacketPlayerBlockPlacement.java:122) ~[C08PacketPlayerBlockPlacement.class:?]
	at net.minecraft.network.NetworkManager.processReceivedPackets(NetworkManager.java:247) ~[NetworkManager.class:?]
	at net.minecraft.network.NetworkSystem.networkTick(NetworkSystem.java:182) ~[NetworkSystem.class:?]
	... 5 more
[11:36:45] [Server thread/ERROR]: This crash report has been saved to: /Users/Rich/Documents/Minecraft/Mods/Mites/run/./crash-reports/crash-2014-09-13_11.36.44-server.txt
[11:36:45] [Server thread/INFO]: Stopping server
[11:36:45] [Server thread/INFO]: Saving players
[11:36:45] [Server thread/INFO]: Saving worlds
[11:36:45] [Server thread/INFO]: Saving chunks for level 'New World'/Overworld
[11:36:45] [Server thread/INFO]: Saving chunks for level 'New World'/Nether
[11:36:45] [Server thread/INFO]: Saving chunks for level 'New World'/The End
[11:36:46] [Client thread/FATAL]: Unreported exception thrown!
java.lang.NullPointerException
	at net.minecraft.item.ItemStack.getUnlocalizedName(ItemStack.java:451) ~[ItemStack.class:?]
	at com.richunderscore27.mites.item.ItemWorldMite.onItemUse(ItemWorldMite.java:42) ~[ItemWorldMite.class:?]
	at net.minecraft.item.ItemStack.tryPlaceItemIntoWorld(ItemStack.java:145) ~[ItemStack.class:?]
	at net.minecraft.client.multiplayer.PlayerControllerMP.onPlayerRightClick(PlayerControllerMP.java:407) ~[PlayerControllerMP.class:?]
	at net.minecraft.client.Minecraft.func_147121_ag(Minecraft.java:1528) ~[Minecraft.class:?]
	at net.minecraft.client.Minecraft.runTick(Minecraft.java:2043) ~[Minecraft.class:?]
	at net.minecraft.client.Minecraft.runGameLoop(Minecraft.java:1038) ~[Minecraft.class:?]
	at net.minecraft.client.Minecraft.run(Minecraft.java:961) [Minecraft.class:?]
	at net.minecraft.client.main.Main.main(Main.java:164) [Main.class:?]
	at sun.reflect.NativeMethodAccessorImpl.invoke0(Native Method) ~[?:1.7.0_67]
	at sun.reflect.NativeMethodAccessorImpl.invoke(NativeMethodAccessorImpl.java:57) ~[?:1.7.0_67]
	at sun.reflect.DelegatingMethodAccessorImpl.invoke(DelegatingMethodAccessorImpl.java:43) ~[?:1.7.0_67]
	at java.lang.reflect.Method.invoke(Method.java:606) ~[?:1.7.0_67]
	at net.minecraft.launchwrapper.Launch.launch(Launch.java:134) [launchwrapper-1.9.jar:?]
	at net.minecraft.launchwrapper.Launch.main(Launch.java:28) [launchwrapper-1.9.jar:?]
	at sun.reflect.NativeMethodAccessorImpl.invoke0(Native Method) ~[?:1.7.0_67]
	at sun.reflect.NativeMethodAccessorImpl.invoke(NativeMethodAccessorImpl.java:57) ~[?:1.7.0_67]
	at sun.reflect.DelegatingMethodAccessorImpl.invoke(DelegatingMethodAccessorImpl.java:43) ~[?:1.7.0_67]
	at java.lang.reflect.Method.invoke(Method.java:606) ~[?:1.7.0_67]
	at GradleStart.bounce(GradleStart.java:107) [start/:?]
	at GradleStart.startClient(GradleStart.java:100) [start/:?]
	at GradleStart.main(GradleStart.java:55) [start/:?]
	at sun.reflect.NativeMethodAccessorImpl.invoke0(Native Method) ~[?:1.7.0_67]
	at sun.reflect.NativeMethodAccessorImpl.invoke(NativeMethodAccessorImpl.java:57) ~[?:1.7.0_67]
	at sun.reflect.DelegatingMethodAccessorImpl.invoke(DelegatingMethodAccessorImpl.java:43) ~[?:1.7.0_67]
	at java.lang.reflect.Method.invoke(Method.java:606) ~[?:1.7.0_67]
	at com.intellij.rt.execution.application.AppMain.main(AppMain.java:134) [idea_rt.jar:?]
